ビルドの開始時の環境:
ALLUSERSPROFILE = C:\ProgramData
APPDATA = C:\Users\Emilia\AppData\Roaming
CommonProgramFiles = C:\Program Files (x86)\Common Files
CommonProgramFiles(x86) = C:\Program Files (x86)\Common Files
CommonProgramW6432 = C:\Program Files\Common Files
COMPUTERNAME = EMT
ComSpec = C:\WINDOWS\system32\cmd.exe
DriverData = C:\Windows\System32\Drivers\DriverData
ffmpeg = C:\ffmpeg\bin
ForceIdentityAuthenticationType = Embedded
FPS_BROWSER_APP_PROFILE_STRING = Internet Explorer
FPS_BROWSER_USER_PROFILE_STRING = Default
FP_NO_HOST_CHECK = NO
HOMEDRIVE = C:
HOMEPATH = \Users\Emilia
LOCALAPPDATA = C:\Users\Emilia\AppData\Local
LOGONSERVER = \\EMT
MEmu_Path = C:\Program Files (x86)\Microvirt
MSBuildLoadMicrosoftTargetsReadOnly = true
NUMBER_OF_PROCESSORS = 8
OneDrive = C:\Users\Emilia\OneDrive
OneDriveConsumer = C:\Users\Emilia\OneDrive
OS = Windows_NT
Path = C:\Program Files (x86)\Common Files\Oracle\Java\javapath;C:\WINDOWS\system32;C:\WINDOWS;C:\WINDOWS\System32\Wbem;C:\WINDOWS\System32\WindowsPowerShell\v1.0\;C:\WINDOWS\system32;C:\WINDOWS;C:\WINDOWS\System32\Wbem;C:\WINDOWS\System32\WindowsPowerShell\v1.0\;C:\WINDOWS\System32\OpenSSH\;C:\Program Files\dotnet\;C:\Users\Emilia\AppData\Local\Programs\Python\Python38-32\Scripts\;C:\Users\Emilia\AppData\Local\Programs\Python\Python38-32\;C:\ffmpeg\bin;C:\Users\Emilia\AppData\Local\Microsoft\WindowsApps;C:\Users\Emilia\.dotnet\tools
PATHEXT = .COM;.EXE;.BAT;.CMD;.VBS;.VBE;.JS;.JSE;.WSF;.WSH;.MSC
PkgDefApplicationConfigFile = C:\Users\Emilia\AppData\Local\Microsoft\VisualStudio\16.0_499add0c\devenv.exe.config
PROCESSOR_ARCHITECTURE = x86
PROCESSOR_ARCHITEW6432 = AMD64
PROCESSOR_IDENTIFIER = Intel64 Family 6 Model 60 Stepping 3, GenuineIntel
PROCESSOR_LEVEL = 6
PROCESSOR_REVISION = 3c03
ProgramData = C:\ProgramData
ProgramFiles = C:\Program Files (x86)
ProgramFiles(x86) = C:\Program Files (x86)
ProgramW6432 = C:\Program Files
PSModulePath = C:\WINDOWS\system32\WindowsPowerShell\v1.0\Modules\
PUBLIC = C:\Users\Public
ServiceHubLogSessionKey = 3C35806C
SignInWithHomeTenantOnly = False
SystemDrive = C:
SystemRoot = C:\WINDOWS
TEMP = C:\Users\Emilia\AppData\Local\Temp
ThreadedWaitDialogDpiContext = -4
TMP = C:\Users\Emilia\AppData\Local\Temp
USERDOMAIN = EMT
USERDOMAIN_ROAMINGPROFILE = EMT
USERNAME = Emilia
USERPROFILE = C:\Users\Emilia
VisualStudioDir = C:\Users\Emilia\Documents\Visual Studio 2019
VisualStudioEdition = Microsoft Visual Studio Professional 2019
VisualStudioVersion = 16.0
VSAPPIDDIR = C:\Program Files (x86)\Microsoft Visual Studio\2019\Professional\Common7\IDE\
VSAPPIDNAME = devenv.exe
VSLANG = 1041
VSSKUEDITION = Professional
windir = C:\WINDOWS

  MyRandom.cpp
  Base.vcxproj -> C:\Users\Emilia\Documents\SaperateGithub\Base\Base\x64\Debug\Base.exe

プロジェクト パフォーマンスの概要:
     2269 ミリ秒  C:\Users\Emilia\Documents\SaperateGithub\Base\Base\Base\Base.vcxproj   1 回呼び出し
               2269 ミリ秒  Build                                      1 回呼び出し

ターゲット パフォーマンスの概要:
        0 ミリ秒  _BuildCompileAction                        1 回呼び出し
        0 ミリ秒  _Link                                      1 回呼び出し
        0 ミリ秒  AfterLink                                  1 回呼び出し
        0 ミリ秒  ComputeLinkSwitches                        1 回呼び出し
        0 ミリ秒  PreLinkEvent                               1 回呼び出し
        0 ミリ秒  MakeDirsForLink                            1 回呼び出し
        0 ミリ秒  PrepareResourceNames                       1 回呼び出し
        0 ミリ秒  CreateCustomManifestResourceNames          1 回呼び出し
        0 ミリ秒  ComputeManifestInputsTargets               1 回呼び出し
        0 ミリ秒  ComputeLinkInputsFromProject               1 回呼び出し
        0 ミリ秒  ComputeCLGeneratedLinkInputs               1 回呼び出し
        0 ミリ秒  ComputeCLOutputs                           1 回呼び出し
        0 ミリ秒  ComputeRCGeneratedLinkInputs               1 回呼び出し
        0 ミリ秒  ComputeRCOutputs                           1 回呼び出し
        0 ミリ秒  BeforeLink                                 1 回呼び出し
        0 ミリ秒  ComputeLegacyManifestEmbedding             1 回呼び出し
        0 ミリ秒  BuildLinkTraverse                          1 回呼び出し
        0 ミリ秒  BuildCompile                               1 回呼び出し
        0 ミリ秒  AfterBuildCompileEvent                     1 回呼び出し
        0 ミリ秒  _ResourceCompile                           1 回呼び出し
        0 ミリ秒  AfterResourceCompile                       1 回呼び出し
        0 ミリ秒  BeforeResourceCompile                      1 回呼び出し
        0 ミリ秒  _ALink                                     1 回呼び出し
        0 ミリ秒  _Manifest                                  1 回呼び出し
        0 ミリ秒  RegisterOutput                             1 回呼び出し
        0 ミリ秒  ResolvedXDCMake                            1 回呼び出し
        0 ミリ秒  AfterBuild                                 1 回呼び出し
        0 ミリ秒  BuildLink                                  1 回呼び出し
        0 ミリ秒  _BuildLinkAction                           1 回呼び出し
        0 ミリ秒  PostBuildEvent                             1 回呼び出し
        0 ミリ秒  PrepareForRun                              1 回呼び出し
        0 ミリ秒  CopyFilesToOutputDirectory                 1 回呼び出し
        0 ミリ秒  _CopySourceItemsToOutputDirectory          1 回呼び出し
        0 ミリ秒  _GetCopyToOutputDirectoryItemsFromThisProject   1 回呼び出し
        0 ミリ秒  _GetCopyToOutputDirectoryItemsFromTransitiveProjectReferences   1 回呼び出し
        0 ミリ秒  GetCopyToOutputDirectoryXamlAppDefs        1 回呼び出し
        0 ミリ秒  _ClCompile                                 1 回呼び出し
        0 ミリ秒  _PopulateCommonStateForGetCopyToOutputDirectoryItems   1 回呼び出し
        0 ミリ秒  _Appverifier                               1 回呼び出し
        0 ミリ秒  CreateSatelliteAssemblies                  1 回呼び出し
        0 ミリ秒  _GenerateSatelliteAssemblyInputs           1 回呼び出し
        0 ミリ秒  ContentFilesProjectOutputGroup             1 回呼び出し
        0 ミリ秒  BuiltProjectOutputGroup                    1 回呼び出し
        0 ミリ秒  _BscMake                                   1 回呼び出し
        0 ミリ秒  MakeDirsForBscMake                         1 回呼び出し
        0 ミリ秒  ComputeCLCompileGeneratedSbrFiles          1 回呼び出し
        0 ミリ秒  _XdcMake                                   1 回呼び出し
        0 ミリ秒  MakeDirsForXdcMake                         1 回呼び出し
        0 ミリ秒  _Deploy                                    1 回呼び出し
        0 ミリ秒  AfterClCompile                             1 回呼び出し
        0 ミリ秒  Build                                      1 回呼び出し
        0 ミリ秒  SelectClCompile                            1 回呼び出し
        0 ミリ秒  SelectCustomBuild                          1 回呼び出し
        0 ミリ秒  _SelectedFiles                             1 回呼び出し
        0 ミリ秒  PreBuildEvent                              1 回呼び出し
        0 ミリ秒  BuildGenerateSourcesTraverse               1 回呼び出し
        0 ミリ秒  ResolveReferences                          1 回呼び出し
        0 ミリ秒  AfterResolveReferences                     1 回呼び出し
        0 ミリ秒  ResolveAssemblyReferences                  1 回呼び出し
        0 ミリ秒  ResolveSDKReferences                       1 回呼び出し
        0 ミリ秒  SetCABuildNativeEnvironmentVariables       1 回呼び出し
        0 ミリ秒  _CheckWindowsSDKInstalled                  1 回呼び出し
        0 ミリ秒  GetResolvedWinMD                           1 回呼び出し
        0 ミリ秒  GetReferenceAssemblyPaths                  1 回呼び出し
        0 ミリ秒  GetFrameworkPaths                          1 回呼び出し
        0 ミリ秒  PrepareProjectReferences                   1 回呼び出し
        0 ミリ秒  _GetProjectReferenceTargetFrameworkProperties   1 回呼び出し
        0 ミリ秒  AssignProjectConfiguration                 1 回呼び出し
        0 ミリ秒  BeforeResolveReferences                    1 回呼び出し
        0 ミリ秒  _PrepareForReferenceResolution             1 回呼び出し
        0 ミリ秒  SetTelemetryEnvironmentVariables           1 回呼び出し
        0 ミリ秒  _Xsd                                       1 回呼び出し
        0 ミリ秒  MakeDirsForMidl                            1 回呼び出し
        0 ミリ秒  BeforeBuildGenerateSources                 1 回呼び出し
        0 ミリ秒  _Midl                                      1 回呼び出し
        0 ミリ秒  _BuildGenerateSourcesAction                1 回呼び出し
        0 ミリ秒  ComputeMIDLGeneratedCompileInputs          1 回呼び出し
        0 ミリ秒  AfterBuildGenerateSourcesEvent             1 回呼び出し
        0 ミリ秒  AfterBuildGenerateSources                  1 回呼び出し
        0 ミリ秒  AfterMidl                                  1 回呼び出し
        0 ミリ秒  BuildCompileTraverse                       1 回呼び出し
        0 ミリ秒  BuildGenerateSources                       1 回呼び出し
        0 ミリ秒  ComputeCLInputPDBName                      1 回呼び出し
        0 ミリ秒  FindReferenceAssembliesForReferences       1 回呼び出し
        0 ミリ秒  GetReferencedVCProjectsInfo                1 回呼び出し
        0 ミリ秒  ComputeReferenceCLInput                    1 回呼び出し
        0 ミリ秒  BeforeClCompile                            1 回呼び出し
        1 ミリ秒  ExpandSDKReferences                        1 回呼び出し
        1 ミリ秒  CopyFileToFolders                          1 回呼び出し
        1 ミリ秒  MakeDirsForFxc                             1 回呼び出し
        1 ミリ秒  _PrepareForBuild                           1 回呼び出し
        1 ミリ秒  MakeDirsForResourceCompile                 1 回呼び出し
        1 ミリ秒  ComputeCLCompileGeneratedXDCFiles          1 回呼び出し
        1 ミリ秒  SplitResourcesByCulture                    1 回呼び出し
        1 ミリ秒  ResolveProjectReferences                   1 回呼び出し
        1 ミリ秒  _SplitProjectReferencesByFileExistence     1 回呼び出し
        1 ミリ秒  AssignTargetPaths                          1 回呼び出し
        1 ミリ秒  ComputeCustomBuildOutput                   1 回呼び出し
        1 ミリ秒  ComputeManifestGeneratedLinkerInputs       1 回呼び出し
        1 ミリ秒  SetBuildDefaultEnvironmentVariables        1 回呼び出し
        1 ミリ秒  _CheckForCompileOutputs                    1 回呼び出し
        1 ミリ秒  WarnCompileDuplicatedFilename              1 回呼び出し
        1 ミリ秒  DoLinkOutputFilesMatch                     1 回呼び出し
        1 ミリ秒  ComputeLinkImportLibraryOutputsForClean    1 回呼び出し
        1 ミリ秒  IncrementalClean                           1 回呼び出し
        1 ミリ秒  FixupCLCompileOptions                      1 回呼び出し
        1 ミリ秒  MakeDirsForCl                              1 回呼び出し
        2 ミリ秒  GetCopyToOutputDirectoryItems              1 回呼び出し
        2 ミリ秒  InitializeBuildStatus                      1 回呼び出し
        2 ミリ秒  FinalizeBuildStatus                        1 回呼び出し
        2 ミリ秒  _CheckForInvalidConfigurationAndPlatform   1 回呼び出し
        2 ミリ秒  SatelliteDllsProjectOutputGroup            1 回呼び出し
        3 ミリ秒  PrepareForBuild                            1 回呼び出し
        6 ミリ秒  CustomBuild                                1 回呼び出し
       12 ミリ秒  _CleanGetCurrentAndPriorFileWrites         1 回呼び出し
       18 ミリ秒  CreateRecipeFile                           1 回呼び出し
      678 ミリ秒  ClCompile                                  1 回呼び出し
     1519 ミリ秒  Link                                       1 回呼び出し

タスク パフォーマンスの概要:
        0 ミリ秒  Message                                    3 回呼び出し
        0 ミリ秒  SetEnv                                     8 回呼び出し
        0 ミリ秒  AssignProjectConfiguration                 1 回呼び出し
        0 ミリ秒  MSBuild                                    1 回呼び出し
        0 ミリ秒  CheckVCToolsetVersion                      1 回呼び出し
        0 ミリ秒  ReadLinesFromFile                          2 回呼び出し
        0 ミリ秒  WriteLinesToFile                           1 回呼び出し
        0 ミリ秒  AssignTargetPath                           7 回呼び出し
        0 ミリ秒  ConvertToAbsolutePath                      1 回呼び出し
        1 ミリ秒  MakeDir                                   10 回呼び出し
        1 ミリ秒  AssignCulture                              1 回呼び出し
        1 ミリ秒  GetOutOfDateItems                          3 回呼び出し
        1 ミリ秒  RemoveDuplicates                           2 回呼び出し
        1 ミリ秒  Touch                                      2 回呼び出し
        1 ミリ秒  CallTarget                                 2 回呼び出し
        1 ミリ秒  Delete                                     2 回呼び出し
        1 ミリ秒  CreateItem                                 2 回呼び出し
       10 ミリ秒  FindUnderPath                              5 回呼び出し
       18 ミリ秒  GenerateDesktopDeployRecipe                1 回呼び出し
      676 ミリ秒  CL                                         1 回呼び出し
     1517 ミリ秒  Link                                       1 回呼び出し
